


ARM Macro Assembler    Page 1 


    1 00000000         ;/******************************************************
                       ********************//**
    2 00000000         ; * @file     startup_DA14585_586.s
    3 00000000         ; * @brief    CMSIS Cortex-M ARMv7-M based Core Device S
                       tartup File for
    4 00000000         ; *           Device DA14585_586
    5 00000000         ; * @version  V5.00
    6 00000000         ; * @date     02. March 2016
    7 00000000         ; ******************************************************
                       ************************/
    8 00000000         ;/*
    9 00000000         ; * Copyright (c) 2009-2016 ARM Limited. All rights rese
                       rved.
   10 00000000         ; *
   11 00000000         ; * SPDX-License-Identifier: Apache-2.0
   12 00000000         ; *
   13 00000000         ; * Licensed under the Apache License, Version 2.0 (the 
                       License); you may
   14 00000000         ; * not use this file except in compliance with the Lice
                       nse.
   15 00000000         ; * You may obtain a copy of the License at
   16 00000000         ; *
   17 00000000         ; * www.apache.org/licenses/LICENSE-2.0
   18 00000000         ; *
   19 00000000         ; * Unless required by applicable law or agreed to in wr
                       iting, software
   20 00000000         ; * distributed under the License is distributed on an A
                       S IS BASIS, WITHOUT
   21 00000000         ; * WARRANTIES OR CONDITIONS OF ANY KIND, either express
                        or implied.
   22 00000000         ; * See the License for the specific language governing 
                       permissions and
   23 00000000         ; * limitations under the License.
   24 00000000         ; *
   25 00000000         ; * Copyright (C) 2019-2023 Modified by Renesas Electron
                       ics Corporation and/or its affiliates.
   26 00000000         ; */
   27 00000000         ;/*
   28 00000000         
   29 00000000         ;//-------- <<< Use Configuration Wizard in Context Menu
                        >>> ------------------
   30 00000000         ;*/
   31 00000000         
   32 00000000         
   33 00000000         ; <h> Stack Configuration
   34 00000000         ;   <o> Stack Size (in Bytes) <0x0-0xFFFFFFFF:8>
   35 00000000         ; </h>
   36 00000000         
   37 00000000                 IF               :DEF:STACK_TOP_IS_THE_RAM_END
   40 00000000                 IF               :DEF:STACK_SIZE
   43 00000000 00000600 
                       Stack_Size
                               EQU              0x00000600
   44 00000000                 ENDIF
   45 00000000         
   46 00000000                 AREA             STACK, NOINIT, READWRITE, ALIGN
=3
   47 00000000         Stack_Mem
                               SPACE            Stack_Size



ARM Macro Assembler    Page 2 


   48 00000600         __initial_sp
   49 00000600                 ENDIF
   50 00000600         
   51 00000600         
   52 00000600         ; <h> Heap Configuration
   53 00000600         ;   <o>  Heap Size (in Bytes) <0x0-0xFFFFFFFF:8>
   54 00000600         ; </h>
   55 00000600         
   56 00000600 00000100 
                       Heap_Size
                               EQU              0x00000100
   57 00000600         
   58 00000600                 AREA             HEAP, NOINIT, READWRITE, ALIGN=
3
   59 00000000         __heap_base
   60 00000000         Heap_Mem
                               SPACE            Heap_Size
   61 00000100         __heap_limit
   62 00000100         
   63 00000100         
   64 00000100                 PRESERVE8
   65 00000100                 THUMB
   66 00000100         
   67 00000100         
   68 00000100         ; Vector Table Mapped to Address 0 at Reset
   69 00000100         
   70 00000100                 AREA             RESET, DATA, READONLY
   71 00000000                 EXPORT           __Vectors
   72 00000000                 EXPORT           __Vectors_End
   73 00000000                 EXPORT           __Vectors_Size
   74 00000000         
   75 00000000                 IF               :DEF:STACK_TOP_IS_THE_RAM_END
   78 00000000 00000000 
                       __Vectors
                               DCD              __initial_sp ; Top of Stack is 
                                                            the STACK area end
   79 00000004                 ENDIF
   80 00000004 00000000        DCD              Reset_Handler ; Reset Handler
   81 00000008 00000000        DCD              NMI_Handler ; NMI Handler
   82 0000000C 00000000        DCD              HardFault_Handler ; Hard Fault 
                                                            Handler
   83 00000010 00000000        DCD              0           ; Reserved
   84 00000014 00000000        DCD              0           ; Reserved
   85 00000018 00000000        DCD              0           ; Reserved
   86 0000001C 00000000        DCD              0           ; Reserved
   87 00000020 00000000        DCD              0           ; Reserved
   88 00000024 00000000        DCD              0           ; Reserved
   89 00000028 00000000        DCD              0           ; Reserved
   90 0000002C 00000000        DCD              SVC_Handler ; SVCall Handler
   91 00000030 00000000        DCD              0           ; Reserved
   92 00000034 00000000        DCD              0           ; Reserved
   93 00000038 00000000        DCD              PendSV_Handler ; PendSV Handler
                                                            
   94 0000003C 00000000        DCD              SysTick_Handler 
                                                            ; SysTick Handler
   95 00000040         
   96 00000040         ; External Interrupts
   97 00000040 00000000        DCD              BLE_WAKEUP_LP_Handler
   98 00000044 00000000        DCD              rwble_isr



ARM Macro Assembler    Page 3 


   99 00000048 00000000        DCD              UART_Handler
  100 0000004C 00000000        DCD              UART2_Handler
  101 00000050 00000000        DCD              I2C_Handler
  102 00000054 00000000        DCD              SPI_Handler
  103 00000058 00000000        DCD              ADC_Handler
  104 0000005C 00000000        DCD              KEYBRD_Handler
  105 00000060 00000000        DCD              BLE_RF_DIAG_Handler
  106 00000064 00000000        DCD              RFCAL_Handler
  107 00000068 00000000        DCD              GPIO0_Handler
  108 0000006C 00000000        DCD              GPIO1_Handler
  109 00000070 00000000        DCD              GPIO2_Handler
  110 00000074 00000000        DCD              GPIO3_Handler
  111 00000078 00000000        DCD              GPIO4_Handler
  112 0000007C 00000000        DCD              SWTIM_Handler
  113 00000080 00000000        DCD              WKUP_QUADEC_Handler
  114 00000084 00000000        DCD              PCM_Handler
  115 00000088 00000000        DCD              SRCIN_Handler
  116 0000008C 00000000        DCD              SRCOUT_Handler
  117 00000090 00000000        DCD              DMA_Handler
  118 00000094 00000000        DCD              RESERVED21_Handler
  119 00000098 00000000        DCD              RESERVED22_Handler
  120 0000009C 00000000        DCD              RESERVED23_Handler
  121 000000A0         __Vectors_End
  122 000000A0         
  123 000000A0 000000A0 
                       __Vectors_Size
                               EQU              __Vectors_End - __Vectors
  124 000000A0         
  125 000000A0                 AREA             |.text|, CODE, READONLY
  126 00000000         
  127 00000000         
  128 00000000         ; Reset Handler
  129 00000000         
  130 00000000         Reset_Handler
                               PROC
  131 00000000                 EXPORT           Reset_Handler             [WEAK
]
  132 00000000                 IMPORT           SystemInit
  133 00000000                 IMPORT           __main
  134 00000000 480F            LDR              R0, =SystemInit
  135 00000002 4780            BLX              R0
  136 00000004 480F            LDR              R0, =__main
  137 00000006 4700            BX               R0
  138 00000008                 ENDP
  139 00000008         
  140 00000008         
  141 00000008         ; Dummy Exception Handlers (infinite loops which can be 
                       modified)
  142 00000008                 IMPORT           NMI_HandlerC
  144 00000008         NMI_Handler
                               PROC
  145 00000008 2004            movs             r0, #4
  146 0000000A 4671            mov              r1, lr
  147 0000000C 4208            tst              r0, r1
  148 0000000E D003            beq              NMI_stacking_used_MSP
  149 00000010 F3EF 8009       mrs              r0, psp
  150 00000014 490C            ldr              r1,=NMI_HandlerC
  151 00000016 4708            bx               r1
  152 00000018         NMI_stacking_used_MSP



ARM Macro Assembler    Page 4 


  153 00000018 F3EF 8008       mrs              r0, msp
  154 0000001C 490A            ldr              r1,=NMI_HandlerC
  155 0000001E 4708            bx               r1
  156 00000020                 ENDP
  157 00000020         
  158 00000020                 IMPORT           HardFault_HandlerC
  160 00000020         HardFault_Handler
                               PROC
  161 00000020 2004            movs             r0, #4
  162 00000022 4671            mov              r1, lr
  163 00000024 4208            tst              r0, r1
  164 00000026 D003            beq              HardFault_stacking_used_MSP
  165 00000028 F3EF 8009       mrs              r0, psp
  166 0000002C 4907            ldr              r1,=HardFault_HandlerC
  167 0000002E 4708            bx               r1
  168 00000030         HardFault_stacking_used_MSP
  169 00000030 F3EF 8008       mrs              r0, msp
  170 00000034 4905            ldr              r1,=HardFault_HandlerC
  171 00000036 4708            bx               r1
  172 00000038                 ENDP
  173 00000038         
  175 00000038         SVC_Handler
                               PROC
  176 00000038                 EXPORT           SVC_Handler            [WEAK]
  177 00000038 E7FE            B                .
  178 0000003A                 ENDP
  179 0000003A         
  181 0000003A         PendSV_Handler
                               PROC
  182 0000003A                 EXPORT           PendSV_Handler         [WEAK]
  183 0000003A E7FE            B                .
  184 0000003C                 ENDP
  185 0000003C         
  187 0000003C         SysTick_Handler
                               PROC
  188 0000003C                 EXPORT           SysTick_Handler        [WEAK]
  189 0000003C E7FE            B                .
  190 0000003E                 ENDP
  191 0000003E         
  192 0000003E         Default_Handler
                               PROC
  193 0000003E                 EXPORT           BLE_WAKEUP_LP_Handler   [WEAK]
  194 0000003E                 EXPORT           rwble_isr               [WEAK]
  195 0000003E                 EXPORT           UART_Handler            [WEAK]
  196 0000003E                 EXPORT           UART2_Handler           [WEAK]
  197 0000003E                 EXPORT           I2C_Handler             [WEAK]
  198 0000003E                 EXPORT           SPI_Handler             [WEAK]
  199 0000003E                 EXPORT           ADC_Handler             [WEAK]
  200 0000003E                 EXPORT           KEYBRD_Handler          [WEAK]
  201 0000003E                 EXPORT           BLE_RF_DIAG_Handler     [WEAK]
  202 0000003E                 EXPORT           RFCAL_Handler           [WEAK]
  203 0000003E                 EXPORT           GPIO0_Handler           [WEAK]
  204 0000003E                 EXPORT           GPIO1_Handler           [WEAK]
  205 0000003E                 EXPORT           GPIO2_Handler           [WEAK]
  206 0000003E                 EXPORT           GPIO3_Handler           [WEAK]
  207 0000003E                 EXPORT           GPIO4_Handler           [WEAK]
  208 0000003E                 EXPORT           SWTIM_Handler           [WEAK]
  209 0000003E                 EXPORT           WKUP_QUADEC_Handler     [WEAK]
  210 0000003E                 EXPORT           PCM_Handler             [WEAK]



ARM Macro Assembler    Page 5 


  211 0000003E                 EXPORT           SRCIN_Handler           [WEAK]
  212 0000003E                 EXPORT           SRCOUT_Handler          [WEAK]
  213 0000003E                 EXPORT           DMA_Handler             [WEAK]
  214 0000003E                 EXPORT           RESERVED21_Handler      [WEAK]
  215 0000003E                 EXPORT           RESERVED22_Handler      [WEAK]
  216 0000003E                 EXPORT           RESERVED23_Handler      [WEAK]
  217 0000003E         
  218 0000003E         BLE_WAKEUP_LP_Handler
  219 0000003E         rwble_isr
  220 0000003E         UART_Handler
  221 0000003E         UART2_Handler
  222 0000003E         I2C_Handler
  223 0000003E         SPI_Handler
  224 0000003E         ADC_Handler
  225 0000003E         KEYBRD_Handler
  226 0000003E         BLE_RF_DIAG_Handler
  227 0000003E         RFCAL_Handler
  228 0000003E         GPIO0_Handler
  229 0000003E         GPIO1_Handler
  230 0000003E         GPIO2_Handler
  231 0000003E         GPIO3_Handler
  232 0000003E         GPIO4_Handler
  233 0000003E         SWTIM_Handler
  234 0000003E         WKUP_QUADEC_Handler
  235 0000003E         PCM_Handler
  236 0000003E         SRCIN_Handler
  237 0000003E         SRCOUT_Handler
  238 0000003E         DMA_Handler
  239 0000003E         RESERVED21_Handler
  240 0000003E         RESERVED22_Handler
  241 0000003E         RESERVED23_Handler
  242 0000003E E7FE            B                .
  243 00000040                 ENDP
  244 00000040         
  245 00000040                 ALIGN
  246 00000040         
  247 00000040         
  248 00000040         ; User Initial Stack & Heap
  249 00000040         
  250 00000040                 IF               :DEF:__MICROLIB
  251 00000040         
  252 00000040                 IF               :DEF:STACK_TOP_IS_THE_RAM_END
  255 00000040                 EXPORT           __initial_sp
  256 00000040                 ENDIF
  257 00000040                 EXPORT           __heap_base
  258 00000040                 EXPORT           __heap_limit
  259 00000040         
  260 00000040                 ELSE
  275                          ENDIF
  276 00000040         
  277 00000040         
  278 00000040                 END
              00000000 
              00000000 
              00000000 
              00000000 
Command Line: --debug --xref --diag_suppress=9931,A1950W --cpu=Cortex-M0 --depe
nd=.\out_da14585\objects\startup_da14585_586.d -o.\out_da14585\objects\startup_
da14585_586.o -IC:\Users\chris\AppData\Local\Arm\Packs\ARM\Cortex_DFP\1.1.0\Dev



ARM Macro Assembler    Page 6 


ice\ARMCM0\Include -IC:\Users\chris\AppData\Local\Arm\Packs\ARM\Cortex_DFP\1.1.
0\Device\ARM\ARMCM0\Include --predefine="__MICROLIB SETA 1" --predefine="__UVIS
ION_VERSION SETA 541" --predefine="ARMCM0 SETA 1" --list=.\out_da14585\listings
\startup_da14585_586.lst ..\..\..\..\..\..\sdk\platform\arch\boot\ARM\startup_D
A14585_586.s



ARM Macro Assembler    Page 1 Alphabetic symbol ordering
Relocatable symbols

STACK 00000000

Symbol: STACK
   Definitions
      At line 46 in file ..\..\..\..\..\..\sdk\platform\arch\boot\ARM\startup_D
A14585_586.s
   Uses
      None
Comment: STACK unused
Stack_Mem 00000000

Symbol: Stack_Mem
   Definitions
      At line 47 in file ..\..\..\..\..\..\sdk\platform\arch\boot\ARM\startup_D
A14585_586.s
   Uses
      None
Comment: Stack_Mem unused
__initial_sp 00000600

Symbol: __initial_sp
   Definitions
      At line 48 in file ..\..\..\..\..\..\sdk\platform\arch\boot\ARM\startup_D
A14585_586.s
   Uses
      At line 78 in file ..\..\..\..\..\..\sdk\platform\arch\boot\ARM\startup_D
A14585_586.s
      At line 255 in file ..\..\..\..\..\..\sdk\platform\arch\boot\ARM\startup_
DA14585_586.s

3 symbols



ARM Macro Assembler    Page 1 Alphabetic symbol ordering
Relocatable symbols

HEAP 00000000

Symbol: HEAP
   Definitions
      At line 58 in file ..\..\..\..\..\..\sdk\platform\arch\boot\ARM\startup_D
A14585_586.s
   Uses
      None
Comment: HEAP unused
Heap_Mem 00000000

Symbol: Heap_Mem
   Definitions
      At line 60 in file ..\..\..\..\..\..\sdk\platform\arch\boot\ARM\startup_D
A14585_586.s
   Uses
      None
Comment: Heap_Mem unused
__heap_base 00000000

Symbol: __heap_base
   Definitions
      At line 59 in file ..\..\..\..\..\..\sdk\platform\arch\boot\ARM\startup_D
A14585_586.s
   Uses
      At line 257 in file ..\..\..\..\..\..\sdk\platform\arch\boot\ARM\startup_
DA14585_586.s
Comment: __heap_base used once
__heap_limit 00000100

Symbol: __heap_limit
   Definitions
      At line 61 in file ..\..\..\..\..\..\sdk\platform\arch\boot\ARM\startup_D
A14585_586.s
   Uses
      At line 258 in file ..\..\..\..\..\..\sdk\platform\arch\boot\ARM\startup_
DA14585_586.s
Comment: __heap_limit used once
4 symbols



ARM Macro Assembler    Page 1 Alphabetic symbol ordering
Relocatable symbols

RESET 00000000

Symbol: RESET
   Definitions
      At line 70 in file ..\..\..\..\..\..\sdk\platform\arch\boot\ARM\startup_D
A14585_586.s
   Uses
      None
Comment: RESET unused
__Vectors 00000000

Symbol: __Vectors
   Definitions
      At line 78 in file ..\..\..\..\..\..\sdk\platform\arch\boot\ARM\startup_D
A14585_586.s
   Uses
      At line 71 in file ..\..\..\..\..\..\sdk\platform\arch\boot\ARM\startup_D
A14585_586.s
      At line 123 in file ..\..\..\..\..\..\sdk\platform\arch\boot\ARM\startup_
DA14585_586.s

__Vectors_End 000000A0

Symbol: __Vectors_End
   Definitions
      At line 121 in file ..\..\..\..\..\..\sdk\platform\arch\boot\ARM\startup_
DA14585_586.s
   Uses
      At line 72 in file ..\..\..\..\..\..\sdk\platform\arch\boot\ARM\startup_D
A14585_586.s
      At line 123 in file ..\..\..\..\..\..\sdk\platform\arch\boot\ARM\startup_
DA14585_586.s

3 symbols



ARM Macro Assembler    Page 1 Alphabetic symbol ordering
Relocatable symbols

.text 00000000

Symbol: .text
   Definitions
      At line 125 in file ..\..\..\..\..\..\sdk\platform\arch\boot\ARM\startup_
DA14585_586.s
   Uses
      None
Comment: .text unused
ADC_Handler 0000003E

Symbol: ADC_Handler
   Definitions
      At line 224 in file ..\..\..\..\..\..\sdk\platform\arch\boot\ARM\startup_
DA14585_586.s
   Uses
      At line 103 in file ..\..\..\..\..\..\sdk\platform\arch\boot\ARM\startup_
DA14585_586.s
      At line 199 in file ..\..\..\..\..\..\sdk\platform\arch\boot\ARM\startup_
DA14585_586.s

BLE_RF_DIAG_Handler 0000003E

Symbol: BLE_RF_DIAG_Handler
   Definitions
      At line 226 in file ..\..\..\..\..\..\sdk\platform\arch\boot\ARM\startup_
DA14585_586.s
   Uses
      At line 105 in file ..\..\..\..\..\..\sdk\platform\arch\boot\ARM\startup_
DA14585_586.s
      At line 201 in file ..\..\..\..\..\..\sdk\platform\arch\boot\ARM\startup_
DA14585_586.s

BLE_WAKEUP_LP_Handler 0000003E

Symbol: BLE_WAKEUP_LP_Handler
   Definitions
      At line 218 in file ..\..\..\..\..\..\sdk\platform\arch\boot\ARM\startup_
DA14585_586.s
   Uses
      At line 97 in file ..\..\..\..\..\..\sdk\platform\arch\boot\ARM\startup_D
A14585_586.s
      At line 193 in file ..\..\..\..\..\..\sdk\platform\arch\boot\ARM\startup_
DA14585_586.s

DMA_Handler 0000003E

Symbol: DMA_Handler
   Definitions
      At line 238 in file ..\..\..\..\..\..\sdk\platform\arch\boot\ARM\startup_
DA14585_586.s
   Uses
      At line 117 in file ..\..\..\..\..\..\sdk\platform\arch\boot\ARM\startup_
DA14585_586.s
      At line 213 in file ..\..\..\..\..\..\sdk\platform\arch\boot\ARM\startup_
DA14585_586.s

Default_Handler 0000003E




ARM Macro Assembler    Page 2 Alphabetic symbol ordering
Relocatable symbols

Symbol: Default_Handler
   Definitions
      At line 192 in file ..\..\..\..\..\..\sdk\platform\arch\boot\ARM\startup_
DA14585_586.s
   Uses
      None
Comment: Default_Handler unused
GPIO0_Handler 0000003E

Symbol: GPIO0_Handler
   Definitions
      At line 228 in file ..\..\..\..\..\..\sdk\platform\arch\boot\ARM\startup_
DA14585_586.s
   Uses
      At line 107 in file ..\..\..\..\..\..\sdk\platform\arch\boot\ARM\startup_
DA14585_586.s
      At line 203 in file ..\..\..\..\..\..\sdk\platform\arch\boot\ARM\startup_
DA14585_586.s

GPIO1_Handler 0000003E

Symbol: GPIO1_Handler
   Definitions
      At line 229 in file ..\..\..\..\..\..\sdk\platform\arch\boot\ARM\startup_
DA14585_586.s
   Uses
      At line 108 in file ..\..\..\..\..\..\sdk\platform\arch\boot\ARM\startup_
DA14585_586.s
      At line 204 in file ..\..\..\..\..\..\sdk\platform\arch\boot\ARM\startup_
DA14585_586.s

GPIO2_Handler 0000003E

Symbol: GPIO2_Handler
   Definitions
      At line 230 in file ..\..\..\..\..\..\sdk\platform\arch\boot\ARM\startup_
DA14585_586.s
   Uses
      At line 109 in file ..\..\..\..\..\..\sdk\platform\arch\boot\ARM\startup_
DA14585_586.s
      At line 205 in file ..\..\..\..\..\..\sdk\platform\arch\boot\ARM\startup_
DA14585_586.s

GPIO3_Handler 0000003E

Symbol: GPIO3_Handler
   Definitions
      At line 231 in file ..\..\..\..\..\..\sdk\platform\arch\boot\ARM\startup_
DA14585_586.s
   Uses
      At line 110 in file ..\..\..\..\..\..\sdk\platform\arch\boot\ARM\startup_
DA14585_586.s
      At line 206 in file ..\..\..\..\..\..\sdk\platform\arch\boot\ARM\startup_
DA14585_586.s

GPIO4_Handler 0000003E

Symbol: GPIO4_Handler
   Definitions



ARM Macro Assembler    Page 3 Alphabetic symbol ordering
Relocatable symbols

      At line 232 in file ..\..\..\..\..\..\sdk\platform\arch\boot\ARM\startup_
DA14585_586.s
   Uses
      At line 111 in file ..\..\..\..\..\..\sdk\platform\arch\boot\ARM\startup_
DA14585_586.s
      At line 207 in file ..\..\..\..\..\..\sdk\platform\arch\boot\ARM\startup_
DA14585_586.s

HardFault_Handler 00000020

Symbol: HardFault_Handler
   Definitions
      At line 160 in file ..\..\..\..\..\..\sdk\platform\arch\boot\ARM\startup_
DA14585_586.s
   Uses
      At line 82 in file ..\..\..\..\..\..\sdk\platform\arch\boot\ARM\startup_D
A14585_586.s
Comment: HardFault_Handler used once
HardFault_stacking_used_MSP 00000030

Symbol: HardFault_stacking_used_MSP
   Definitions
      At line 168 in file ..\..\..\..\..\..\sdk\platform\arch\boot\ARM\startup_
DA14585_586.s
   Uses
      At line 164 in file ..\..\..\..\..\..\sdk\platform\arch\boot\ARM\startup_
DA14585_586.s
Comment: HardFault_stacking_used_MSP used once
I2C_Handler 0000003E

Symbol: I2C_Handler
   Definitions
      At line 222 in file ..\..\..\..\..\..\sdk\platform\arch\boot\ARM\startup_
DA14585_586.s
   Uses
      At line 101 in file ..\..\..\..\..\..\sdk\platform\arch\boot\ARM\startup_
DA14585_586.s
      At line 197 in file ..\..\..\..\..\..\sdk\platform\arch\boot\ARM\startup_
DA14585_586.s

KEYBRD_Handler 0000003E

Symbol: KEYBRD_Handler
   Definitions
      At line 225 in file ..\..\..\..\..\..\sdk\platform\arch\boot\ARM\startup_
DA14585_586.s
   Uses
      At line 104 in file ..\..\..\..\..\..\sdk\platform\arch\boot\ARM\startup_
DA14585_586.s
      At line 200 in file ..\..\..\..\..\..\sdk\platform\arch\boot\ARM\startup_
DA14585_586.s

NMI_Handler 00000008

Symbol: NMI_Handler
   Definitions
      At line 144 in file ..\..\..\..\..\..\sdk\platform\arch\boot\ARM\startup_
DA14585_586.s
   Uses



ARM Macro Assembler    Page 4 Alphabetic symbol ordering
Relocatable symbols

      At line 81 in file ..\..\..\..\..\..\sdk\platform\arch\boot\ARM\startup_D
A14585_586.s
Comment: NMI_Handler used once
NMI_stacking_used_MSP 00000018

Symbol: NMI_stacking_used_MSP
   Definitions
      At line 152 in file ..\..\..\..\..\..\sdk\platform\arch\boot\ARM\startup_
DA14585_586.s
   Uses
      At line 148 in file ..\..\..\..\..\..\sdk\platform\arch\boot\ARM\startup_
DA14585_586.s
Comment: NMI_stacking_used_MSP used once
PCM_Handler 0000003E

Symbol: PCM_Handler
   Definitions
      At line 235 in file ..\..\..\..\..\..\sdk\platform\arch\boot\ARM\startup_
DA14585_586.s
   Uses
      At line 114 in file ..\..\..\..\..\..\sdk\platform\arch\boot\ARM\startup_
DA14585_586.s
      At line 210 in file ..\..\..\..\..\..\sdk\platform\arch\boot\ARM\startup_
DA14585_586.s

PendSV_Handler 0000003A

Symbol: PendSV_Handler
   Definitions
      At line 181 in file ..\..\..\..\..\..\sdk\platform\arch\boot\ARM\startup_
DA14585_586.s
   Uses
      At line 93 in file ..\..\..\..\..\..\sdk\platform\arch\boot\ARM\startup_D
A14585_586.s
      At line 182 in file ..\..\..\..\..\..\sdk\platform\arch\boot\ARM\startup_
DA14585_586.s

RESERVED21_Handler 0000003E

Symbol: RESERVED21_Handler
   Definitions
      At line 239 in file ..\..\..\..\..\..\sdk\platform\arch\boot\ARM\startup_
DA14585_586.s
   Uses
      At line 118 in file ..\..\..\..\..\..\sdk\platform\arch\boot\ARM\startup_
DA14585_586.s
      At line 214 in file ..\..\..\..\..\..\sdk\platform\arch\boot\ARM\startup_
DA14585_586.s

RESERVED22_Handler 0000003E

Symbol: RESERVED22_Handler
   Definitions
      At line 240 in file ..\..\..\..\..\..\sdk\platform\arch\boot\ARM\startup_
DA14585_586.s
   Uses
      At line 119 in file ..\..\..\..\..\..\sdk\platform\arch\boot\ARM\startup_
DA14585_586.s
      At line 215 in file ..\..\..\..\..\..\sdk\platform\arch\boot\ARM\startup_



ARM Macro Assembler    Page 5 Alphabetic symbol ordering
Relocatable symbols

DA14585_586.s

RESERVED23_Handler 0000003E

Symbol: RESERVED23_Handler
   Definitions
      At line 241 in file ..\..\..\..\..\..\sdk\platform\arch\boot\ARM\startup_
DA14585_586.s
   Uses
      At line 120 in file ..\..\..\..\..\..\sdk\platform\arch\boot\ARM\startup_
DA14585_586.s
      At line 216 in file ..\..\..\..\..\..\sdk\platform\arch\boot\ARM\startup_
DA14585_586.s

RFCAL_Handler 0000003E

Symbol: RFCAL_Handler
   Definitions
      At line 227 in file ..\..\..\..\..\..\sdk\platform\arch\boot\ARM\startup_
DA14585_586.s
   Uses
      At line 106 in file ..\..\..\..\..\..\sdk\platform\arch\boot\ARM\startup_
DA14585_586.s
      At line 202 in file ..\..\..\..\..\..\sdk\platform\arch\boot\ARM\startup_
DA14585_586.s

Reset_Handler 00000000

Symbol: Reset_Handler
   Definitions
      At line 130 in file ..\..\..\..\..\..\sdk\platform\arch\boot\ARM\startup_
DA14585_586.s
   Uses
      At line 80 in file ..\..\..\..\..\..\sdk\platform\arch\boot\ARM\startup_D
A14585_586.s
      At line 131 in file ..\..\..\..\..\..\sdk\platform\arch\boot\ARM\startup_
DA14585_586.s

SPI_Handler 0000003E

Symbol: SPI_Handler
   Definitions
      At line 223 in file ..\..\..\..\..\..\sdk\platform\arch\boot\ARM\startup_
DA14585_586.s
   Uses
      At line 102 in file ..\..\..\..\..\..\sdk\platform\arch\boot\ARM\startup_
DA14585_586.s
      At line 198 in file ..\..\..\..\..\..\sdk\platform\arch\boot\ARM\startup_
DA14585_586.s

SRCIN_Handler 0000003E

Symbol: SRCIN_Handler
   Definitions
      At line 236 in file ..\..\..\..\..\..\sdk\platform\arch\boot\ARM\startup_
DA14585_586.s
   Uses
      At line 115 in file ..\..\..\..\..\..\sdk\platform\arch\boot\ARM\startup_
DA14585_586.s



ARM Macro Assembler    Page 6 Alphabetic symbol ordering
Relocatable symbols

      At line 211 in file ..\..\..\..\..\..\sdk\platform\arch\boot\ARM\startup_
DA14585_586.s

SRCOUT_Handler 0000003E

Symbol: SRCOUT_Handler
   Definitions
      At line 237 in file ..\..\..\..\..\..\sdk\platform\arch\boot\ARM\startup_
DA14585_586.s
   Uses
      At line 116 in file ..\..\..\..\..\..\sdk\platform\arch\boot\ARM\startup_
DA14585_586.s
      At line 212 in file ..\..\..\..\..\..\sdk\platform\arch\boot\ARM\startup_
DA14585_586.s

SVC_Handler 00000038

Symbol: SVC_Handler
   Definitions
      At line 175 in file ..\..\..\..\..\..\sdk\platform\arch\boot\ARM\startup_
DA14585_586.s
   Uses
      At line 90 in file ..\..\..\..\..\..\sdk\platform\arch\boot\ARM\startup_D
A14585_586.s
      At line 176 in file ..\..\..\..\..\..\sdk\platform\arch\boot\ARM\startup_
DA14585_586.s

SWTIM_Handler 0000003E

Symbol: SWTIM_Handler
   Definitions
      At line 233 in file ..\..\..\..\..\..\sdk\platform\arch\boot\ARM\startup_
DA14585_586.s
   Uses
      At line 112 in file ..\..\..\..\..\..\sdk\platform\arch\boot\ARM\startup_
DA14585_586.s
      At line 208 in file ..\..\..\..\..\..\sdk\platform\arch\boot\ARM\startup_
DA14585_586.s

SysTick_Handler 0000003C

Symbol: SysTick_Handler
   Definitions
      At line 187 in file ..\..\..\..\..\..\sdk\platform\arch\boot\ARM\startup_
DA14585_586.s
   Uses
      At line 94 in file ..\..\..\..\..\..\sdk\platform\arch\boot\ARM\startup_D
A14585_586.s
      At line 188 in file ..\..\..\..\..\..\sdk\platform\arch\boot\ARM\startup_
DA14585_586.s

UART2_Handler 0000003E

Symbol: UART2_Handler
   Definitions
      At line 221 in file ..\..\..\..\..\..\sdk\platform\arch\boot\ARM\startup_
DA14585_586.s
   Uses
      At line 100 in file ..\..\..\..\..\..\sdk\platform\arch\boot\ARM\startup_



ARM Macro Assembler    Page 7 Alphabetic symbol ordering
Relocatable symbols

DA14585_586.s
      At line 196 in file ..\..\..\..\..\..\sdk\platform\arch\boot\ARM\startup_
DA14585_586.s

UART_Handler 0000003E

Symbol: UART_Handler
   Definitions
      At line 220 in file ..\..\..\..\..\..\sdk\platform\arch\boot\ARM\startup_
DA14585_586.s
   Uses
      At line 99 in file ..\..\..\..\..\..\sdk\platform\arch\boot\ARM\startup_D
A14585_586.s
      At line 195 in file ..\..\..\..\..\..\sdk\platform\arch\boot\ARM\startup_
DA14585_586.s

WKUP_QUADEC_Handler 0000003E

Symbol: WKUP_QUADEC_Handler
   Definitions
      At line 234 in file ..\..\..\..\..\..\sdk\platform\arch\boot\ARM\startup_
DA14585_586.s
   Uses
      At line 113 in file ..\..\..\..\..\..\sdk\platform\arch\boot\ARM\startup_
DA14585_586.s
      At line 209 in file ..\..\..\..\..\..\sdk\platform\arch\boot\ARM\startup_
DA14585_586.s

rwble_isr 0000003E

Symbol: rwble_isr
   Definitions
      At line 219 in file ..\..\..\..\..\..\sdk\platform\arch\boot\ARM\startup_
DA14585_586.s
   Uses
      At line 98 in file ..\..\..\..\..\..\sdk\platform\arch\boot\ARM\startup_D
A14585_586.s
      At line 194 in file ..\..\..\..\..\..\sdk\platform\arch\boot\ARM\startup_
DA14585_586.s

34 symbols



ARM Macro Assembler    Page 1 Alphabetic symbol ordering
Absolute symbols

Heap_Size 00000100

Symbol: Heap_Size
   Definitions
      At line 56 in file ..\..\..\..\..\..\sdk\platform\arch\boot\ARM\startup_D
A14585_586.s
   Uses
      At line 60 in file ..\..\..\..\..\..\sdk\platform\arch\boot\ARM\startup_D
A14585_586.s
Comment: Heap_Size used once
Stack_Size 00000600

Symbol: Stack_Size
   Definitions
      At line 43 in file ..\..\..\..\..\..\sdk\platform\arch\boot\ARM\startup_D
A14585_586.s
   Uses
      At line 47 in file ..\..\..\..\..\..\sdk\platform\arch\boot\ARM\startup_D
A14585_586.s
Comment: Stack_Size used once
__Vectors_Size 000000A0

Symbol: __Vectors_Size
   Definitions
      At line 123 in file ..\..\..\..\..\..\sdk\platform\arch\boot\ARM\startup_
DA14585_586.s
   Uses
      At line 73 in file ..\..\..\..\..\..\sdk\platform\arch\boot\ARM\startup_D
A14585_586.s
Comment: __Vectors_Size used once
3 symbols



ARM Macro Assembler    Page 1 Alphabetic symbol ordering
External symbols

HardFault_HandlerC 00000000

Symbol: HardFault_HandlerC
   Definitions
      At line 158 in file ..\..\..\..\..\..\sdk\platform\arch\boot\ARM\startup_
DA14585_586.s
   Uses
      At line 166 in file ..\..\..\..\..\..\sdk\platform\arch\boot\ARM\startup_
DA14585_586.s
      At line 170 in file ..\..\..\..\..\..\sdk\platform\arch\boot\ARM\startup_
DA14585_586.s

NMI_HandlerC 00000000

Symbol: NMI_HandlerC
   Definitions
      At line 142 in file ..\..\..\..\..\..\sdk\platform\arch\boot\ARM\startup_
DA14585_586.s
   Uses
      At line 150 in file ..\..\..\..\..\..\sdk\platform\arch\boot\ARM\startup_
DA14585_586.s
      At line 154 in file ..\..\..\..\..\..\sdk\platform\arch\boot\ARM\startup_
DA14585_586.s

SystemInit 00000000

Symbol: SystemInit
   Definitions
      At line 132 in file ..\..\..\..\..\..\sdk\platform\arch\boot\ARM\startup_
DA14585_586.s
   Uses
      At line 134 in file ..\..\..\..\..\..\sdk\platform\arch\boot\ARM\startup_
DA14585_586.s
Comment: SystemInit used once
__main 00000000

Symbol: __main
   Definitions
      At line 133 in file ..\..\..\..\..\..\sdk\platform\arch\boot\ARM\startup_
DA14585_586.s
   Uses
      At line 136 in file ..\..\..\..\..\..\sdk\platform\arch\boot\ARM\startup_
DA14585_586.s
Comment: __main used once
4 symbols
394 symbols in table
